<?xml version="1.0" encoding="UTF-8"?>
<!-- Generated by org.testng.reporters.JUnitReportReporter -->
<testsuite name="testPackage.TestPavkage" tests="1" time="37.484" ignored="0" failures="0" timestamp="11 Sep 2019 08:24:26 GMT" skipped="0" hostname="PAVILION" errors="0">
  <testcase name="openBrowser" time="37.484" classname="testPackage.TestPavkage"/>
</testsuite> <!-- testPackage.TestPavkage -->
